This is pdfTeX, Version 3.14159265-2.6-1.40.16 (TeX Live 2015) (preloaded format=pdflatex 2015.9.9)  14 SEP 2015 14:53
entering extended mode
 restricted \write18 enabled.
 file:line:error style messages enabled.
 %&-line parsing enabled.
**isomorfismo.tex
(./isomorfismo.tex
LaTeX2e <2015/01/01> patch level 2
Babel <3.9m> and hyphenation patterns for 79 languages loaded.
./isomorfismo.tex:1: Undefined control sequence.
l.1 \chapter
            {Isomorfismo tra bigrafi}
? 
./isomorfismo.tex:1: Emergency stop.
l.1 \chapter
            {Isomorfismo tra bigrafi}
End of file on the terminal!

 
Here is how much of TeX's memory you used:
 5 strings out of 493091
 143 string characters out of 6134965
 53225 words of memory out of 5000000
 3591 multiletter control sequences out of 15000+600000
 3640 words of font info for 14 fonts, out of 8000000 for 9000
 1141 hyphenation exceptions out of 8191
 5i,0n,1p,51b,8s stack positions out of 5000i,500n,10000p,200000b,80000s
./isomorfismo.tex:1:  ==> Fatal error occurred, no output PDF file produced!
