This is TeX, Version 3.14159265 (TeX Live 2014) (preloaded format=tex 2015.3.27)  10 AUG 2015 10:51
**theorems.ins
(./theorems.ins (/usr/local/texlive/2014/texmf-dist/tex/latex/base/docstrip.tex
\blockLevel=\count26
\emptyLines=\count27
\processedLines=\count28
\commentsRemoved=\count29
\commentsPassed=\count30
\codeLinesPassed=\count31
\TotalprocessedLines=\count32
\TotalcommentsRemoved=\count33
\TotalcommentsPassed=\count34
\TotalcodeLinesPassed=\count35
\NumberOfFiles=\count36
\inFile=\read0
\inputcheck=\read1
\@tempcnta=\count37
\off@0=\count38
\off@1=\count39
\off@2=\count40
\off@3=\count41
\off@4=\count42
\off@5=\count43
\off@6=\count44
\off@7=\count45
\off@8=\count46
\off@9=\count47
\off@10=\count48
\off@11=\count49
\off@12=\count50
\off@13=\count51
\off@14=\count52
\off@15=\count53
\@temptokena=\toks12
\@maxfiles=\count54
\@maxoutfiles=\count55
Utility: `docstrip' 2.5d <2005/07/29>
English documentation    <2014/04/19>

**********************************************************
* This program converts documented macro-files into fast *
* loadable files by stripping off (nearly) all comments! *
**********************************************************

********************************************************
* No Configuration file found, using default settings. *
********************************************************

)
***********************************************************
** Welcome to the installation of the `theorems' package.
***********************************************************

Generating file(s) theorems.sty 
\openout0 = `theorems.sty'.


Processing file theorems.dtx (package) -> theorems.sty
File theorems.dtx ended by \endinput.
Lines  processed: 2303
Comments removed: 1040
Comments  passed: 27
Codelines passed: 1231

***********************************************************
** To finish the installation move the file `theorems.sty'
** to a place where LaTeX will find it.
** Then to get the documentation:
** `pdflatex theorems.dtx && makeindex -s theorems.ist theorems &&
 pdflatex theorems.dtx && pdflatex theorems.dtx'
** Happy TeXing
***********************************************************
 )
No pages of output.
